<?xml version="1.0" encoding="UTF-8"?>
<testsuite xmlns:xsi="http://www.w3.org/2001/XMLSchema-instance" xsi:noNamespaceSchemaLocation="https://maven.apache.org/surefire/maven-surefire-plugin/xsd/surefire-test-report.xsd" name="TestSuite" time="8.799" tests="1" errors="0" skipped="0" failures="0">
  <properties>
    <property name="sun.desktop" value="windows"/>
    <property name="awt.toolkit" value="sun.awt.windows.WToolkit"/>
    <property name="file.encoding.pkg" value="sun.io"/>
    <property name="java.specification.version" value="1.8"/>
    <property name="sun.cpu.isalist" value="amd64"/>
    <property name="sun.jnu.encoding" value="Cp1252"/>
    <property name="java.class.path" value="C:\Users\aarav.gotra\Downloads\mailersAutomation\api_automation_framework\target\test-classes;C:\Users\aarav.gotra\Downloads\mailersAutomation\api_automation_framework\target\classes;C:\Users\aarav.gotra\.m2\repository\org\testng\testng\6.8.8\testng-6.8.8.jar;C:\Users\aarav.gotra\.m2\repository\org\beanshell\bsh\2.0b4\bsh-2.0b4.jar;C:\Users\aarav.gotra\.m2\repository\com\beust\jcommander\1.27\jcommander-1.27.jar;C:\Users\aarav.gotra\.m2\repository\io\rest-assured\rest-assured\3.0.2\rest-assured-3.0.2.jar;C:\Users\aarav.gotra\.m2\repository\org\codehaus\groovy\groovy\2.4.6\groovy-2.4.6.jar;C:\Users\aarav.gotra\.m2\repository\org\codehaus\groovy\groovy-xml\2.4.6\groovy-xml-2.4.6.jar;C:\Users\aarav.gotra\.m2\repository\org\apache\httpcomponents\httpclient\4.5.2\httpclient-4.5.2.jar;C:\Users\aarav.gotra\.m2\repository\org\apache\httpcomponents\httpcore\4.4.4\httpcore-4.4.4.jar;C:\Users\aarav.gotra\.m2\repository\commons-logging\commons-logging\1.2\commons-logging-1.2.jar;C:\Users\aarav.gotra\.m2\repository\commons-codec\commons-codec\1.9\commons-codec-1.9.jar;C:\Users\aarav.gotra\.m2\repository\org\apache\httpcomponents\httpmime\4.5.1\httpmime-4.5.1.jar;C:\Users\aarav.gotra\.m2\repository\org\hamcrest\hamcrest-core\1.3\hamcrest-core-1.3.jar;C:\Users\aarav.gotra\.m2\repository\org\hamcrest\hamcrest-library\1.3\hamcrest-library-1.3.jar;C:\Users\aarav.gotra\.m2\repository\org\ccil\cowan\tagsoup\tagsoup\1.2.1\tagsoup-1.2.1.jar;C:\Users\aarav.gotra\.m2\repository\io\rest-assured\xml-path\3.0.2\xml-path-3.0.2.jar;C:\Users\aarav.gotra\.m2\repository\com\fasterxml\jackson\dataformat\jackson-dataformat-yaml\2.7.4\jackson-dataformat-yaml-2.7.4.jar;C:\Users\aarav.gotra\.m2\repository\com\fasterxml\jackson\core\jackson-core\2.7.4\jackson-core-2.7.4.jar;C:\Users\aarav.gotra\.m2\repository\org\json\json\20190722\json-20190722.jar;C:\Users\aarav.gotra\.m2\repository\com\relevantcodes\extentreports\2.41.0\extentreports-2.41.0.jar;C:\Users\aarav.gotra\.m2\repository\org\jsoup\jsoup\1.8.3\jsoup-1.8.3.jar;C:\Users\aarav.gotra\.m2\repository\org\xerial\sqlite-jdbc\3.8.11.1\sqlite-jdbc-3.8.11.1.jar;C:\Users\aarav.gotra\.m2\repository\org\freemarker\freemarker\2.3.23\freemarker-2.3.23.jar;C:\Users\aarav.gotra\.m2\repository\org\mongodb\mongodb-driver\3.0.4\mongodb-driver-3.0.4.jar;C:\Users\aarav.gotra\.m2\repository\org\mongodb\bson\3.0.4\bson-3.0.4.jar;C:\Users\aarav.gotra\.m2\repository\org\mongodb\mongodb-driver-core\3.0.4\mongodb-driver-core-3.0.4.jar;C:\Users\aarav.gotra\.m2\repository\io\rest-assured\json-path\3.0.2\json-path-3.0.2.jar;C:\Users\aarav.gotra\.m2\repository\org\codehaus\groovy\groovy-json\2.4.6\groovy-json-2.4.6.jar;C:\Users\aarav.gotra\.m2\repository\org\yaml\snakeyaml\1.17\snakeyaml-1.17.jar;C:\Users\aarav.gotra\.m2\repository\commons-io\commons-io\2.4\commons-io-2.4.jar;C:\Users\aarav.gotra\.m2\repository\com\aerospike\aerospike-client\4.1.11\aerospike-client-4.1.11.jar;C:\Users\aarav.gotra\.m2\repository\org\gnu\gnu-crypto\2.0.1\gnu-crypto-2.0.1.jar;C:\Users\aarav.gotra\.m2\repository\org\luaj\luaj-jse\3.0\luaj-jse-3.0.jar;C:\Users\aarav.gotra\.m2\repository\org\mindrot\jbcrypt\0.3m\jbcrypt-0.3m.jar;C:\Users\aarav.gotra\.m2\repository\io\rest-assured\json-schema-validator\4.0.0\json-schema-validator-4.0.0.jar;C:\Users\aarav.gotra\.m2\repository\com\github\java-json-tools\json-schema-validator\2.2.10\json-schema-validator-2.2.10.jar;C:\Users\aarav.gotra\.m2\repository\com\github\java-json-tools\json-schema-core\1.2.10\json-schema-core-1.2.10.jar;C:\Users\aarav.gotra\.m2\repository\com\github\java-json-tools\jackson-coreutils\1.9\jackson-coreutils-1.9.jar;C:\Users\aarav.gotra\.m2\repository\com\fasterxml\jackson\core\jackson-databind\2.2.3\jackson-databind-2.2.3.jar;C:\Users\aarav.gotra\.m2\repository\com\fasterxml\jackson\core\jackson-annotations\2.2.3\jackson-annotations-2.2.3.jar;C:\Users\aarav.gotra\.m2\repository\com\google\guava\guava\16.0.1\guava-16.0.1.jar;C:\Users\aarav.gotra\.m2\repository\com\github\fge\msg-simple\1.1\msg-simple-1.1.jar;C:\Users\aarav.gotra\.m2\repository\com\github\fge\btf\1.2\btf-1.2.jar;C:\Users\aarav.gotra\.m2\repository\com\github\fge\uri-template\0.9\uri-template-0.9.jar;C:\Users\aarav.gotra\.m2\repository\org\mozilla\rhino\1.7.7.1\rhino-1.7.7.1.jar;C:\Users\aarav.gotra\.m2\repository\javax\mail\mailapi\1.4.3\mailapi-1.4.3.jar;C:\Users\aarav.gotra\.m2\repository\javax\activation\activation\1.1\activation-1.1.jar;C:\Users\aarav.gotra\.m2\repository\joda-time\joda-time\2.9.7\joda-time-2.9.7.jar;C:\Users\aarav.gotra\.m2\repository\com\googlecode\libphonenumber\libphonenumber\8.0.0\libphonenumber-8.0.0.jar;C:\Users\aarav.gotra\.m2\repository\com\google\code\findbugs\jsr305\3.0.1\jsr305-3.0.1.jar;C:\Users\aarav.gotra\.m2\repository\net\sf\jopt-simple\jopt-simple\5.0.3\jopt-simple-5.0.3.jar;C:\Users\aarav.gotra\.m2\repository\io\rest-assured\rest-assured-common\3.0.2\rest-assured-common-3.0.2.jar;C:\Users\aarav.gotra\.m2\repository\org\apache\commons\commons-lang3\3.4\commons-lang3-3.4.jar;C:\Users\aarav.gotra\.m2\repository\com\googlecode\json-simple\json-simple\1.1.1\json-simple-1.1.1.jar;C:\Users\aarav.gotra\.m2\repository\junit\junit\4.10\junit-4.10.jar;C:\Users\aarav.gotra\.m2\repository\com\aventstack\extentreports\3.1.5\extentreports-3.1.5.jar;C:\Users\aarav.gotra\.m2\repository\com\google\code\gson\gson\2.8.0\gson-2.8.0.jar;C:\Users\aarav.gotra\.m2\repository\org\apache\maven\surefire\surefire-testng-utils\2.21.0\surefire-testng-utils-2.21.0.jar;C:\Users\aarav.gotra\.m2\repository\org\apache\maven\surefire\surefire-grouper\2.21.0\surefire-grouper-2.21.0.jar;"/>
    <property name="java.vm.vendor" value="Oracle Corporation"/>
    <property name="sun.arch.data.model" value="64"/>
    <property name="user.variant" value=""/>
    <property name="java.vendor.url" value="http://java.oracle.com/"/>
    <property name="user.timezone" value=""/>
    <property name="java.vm.specification.version" value="1.8"/>
    <property name="os.name" value="Windows 10"/>
    <property name="user.country" value="US"/>
    <property name="sun.java.launcher" value="SUN_STANDARD"/>
    <property name="sun.boot.library.path" value="C:\Program Files\Java\jdk1.8.0_181\jre\bin"/>
    <property name="sun.java.command" value="C:\Users\AARAV~1.GOT\AppData\Local\Temp\surefire5224580441781696585\surefirebooter2434460107550265860.jar C:\Users\aarav.gotra\AppData\Local\Temp\surefire5224580441781696585 2020-06-21T14-32-23_089-jvmRun1 surefire5634468841449637278tmp surefire_05065031218728115180tmp"/>
    <property name="surefire.test.class.path" value="C:\Users\aarav.gotra\Downloads\mailersAutomation\api_automation_framework\target\test-classes;C:\Users\aarav.gotra\Downloads\mailersAutomation\api_automation_framework\target\classes;C:\Users\aarav.gotra\.m2\repository\org\testng\testng\6.8.8\testng-6.8.8.jar;C:\Users\aarav.gotra\.m2\repository\org\beanshell\bsh\2.0b4\bsh-2.0b4.jar;C:\Users\aarav.gotra\.m2\repository\com\beust\jcommander\1.27\jcommander-1.27.jar;C:\Users\aarav.gotra\.m2\repository\io\rest-assured\rest-assured\3.0.2\rest-assured-3.0.2.jar;C:\Users\aarav.gotra\.m2\repository\org\codehaus\groovy\groovy\2.4.6\groovy-2.4.6.jar;C:\Users\aarav.gotra\.m2\repository\org\codehaus\groovy\groovy-xml\2.4.6\groovy-xml-2.4.6.jar;C:\Users\aarav.gotra\.m2\repository\org\apache\httpcomponents\httpclient\4.5.2\httpclient-4.5.2.jar;C:\Users\aarav.gotra\.m2\repository\org\apache\httpcomponents\httpcore\4.4.4\httpcore-4.4.4.jar;C:\Users\aarav.gotra\.m2\repository\commons-logging\commons-logging\1.2\commons-logging-1.2.jar;C:\Users\aarav.gotra\.m2\repository\commons-codec\commons-codec\1.9\commons-codec-1.9.jar;C:\Users\aarav.gotra\.m2\repository\org\apache\httpcomponents\httpmime\4.5.1\httpmime-4.5.1.jar;C:\Users\aarav.gotra\.m2\repository\org\hamcrest\hamcrest-core\1.3\hamcrest-core-1.3.jar;C:\Users\aarav.gotra\.m2\repository\org\hamcrest\hamcrest-library\1.3\hamcrest-library-1.3.jar;C:\Users\aarav.gotra\.m2\repository\org\ccil\cowan\tagsoup\tagsoup\1.2.1\tagsoup-1.2.1.jar;C:\Users\aarav.gotra\.m2\repository\io\rest-assured\xml-path\3.0.2\xml-path-3.0.2.jar;C:\Users\aarav.gotra\.m2\repository\com\fasterxml\jackson\dataformat\jackson-dataformat-yaml\2.7.4\jackson-dataformat-yaml-2.7.4.jar;C:\Users\aarav.gotra\.m2\repository\com\fasterxml\jackson\core\jackson-core\2.7.4\jackson-core-2.7.4.jar;C:\Users\aarav.gotra\.m2\repository\org\json\json\20190722\json-20190722.jar;C:\Users\aarav.gotra\.m2\repository\com\relevantcodes\extentreports\2.41.0\extentreports-2.41.0.jar;C:\Users\aarav.gotra\.m2\repository\org\jsoup\jsoup\1.8.3\jsoup-1.8.3.jar;C:\Users\aarav.gotra\.m2\repository\org\xerial\sqlite-jdbc\3.8.11.1\sqlite-jdbc-3.8.11.1.jar;C:\Users\aarav.gotra\.m2\repository\org\freemarker\freemarker\2.3.23\freemarker-2.3.23.jar;C:\Users\aarav.gotra\.m2\repository\org\mongodb\mongodb-driver\3.0.4\mongodb-driver-3.0.4.jar;C:\Users\aarav.gotra\.m2\repository\org\mongodb\bson\3.0.4\bson-3.0.4.jar;C:\Users\aarav.gotra\.m2\repository\org\mongodb\mongodb-driver-core\3.0.4\mongodb-driver-core-3.0.4.jar;C:\Users\aarav.gotra\.m2\repository\io\rest-assured\json-path\3.0.2\json-path-3.0.2.jar;C:\Users\aarav.gotra\.m2\repository\org\codehaus\groovy\groovy-json\2.4.6\groovy-json-2.4.6.jar;C:\Users\aarav.gotra\.m2\repository\org\yaml\snakeyaml\1.17\snakeyaml-1.17.jar;C:\Users\aarav.gotra\.m2\repository\commons-io\commons-io\2.4\commons-io-2.4.jar;C:\Users\aarav.gotra\.m2\repository\com\aerospike\aerospike-client\4.1.11\aerospike-client-4.1.11.jar;C:\Users\aarav.gotra\.m2\repository\org\gnu\gnu-crypto\2.0.1\gnu-crypto-2.0.1.jar;C:\Users\aarav.gotra\.m2\repository\org\luaj\luaj-jse\3.0\luaj-jse-3.0.jar;C:\Users\aarav.gotra\.m2\repository\org\mindrot\jbcrypt\0.3m\jbcrypt-0.3m.jar;C:\Users\aarav.gotra\.m2\repository\io\rest-assured\json-schema-validator\4.0.0\json-schema-validator-4.0.0.jar;C:\Users\aarav.gotra\.m2\repository\com\github\java-json-tools\json-schema-validator\2.2.10\json-schema-validator-2.2.10.jar;C:\Users\aarav.gotra\.m2\repository\com\github\java-json-tools\json-schema-core\1.2.10\json-schema-core-1.2.10.jar;C:\Users\aarav.gotra\.m2\repository\com\github\java-json-tools\jackson-coreutils\1.9\jackson-coreutils-1.9.jar;C:\Users\aarav.gotra\.m2\repository\com\fasterxml\jackson\core\jackson-databind\2.2.3\jackson-databind-2.2.3.jar;C:\Users\aarav.gotra\.m2\repository\com\fasterxml\jackson\core\jackson-annotations\2.2.3\jackson-annotations-2.2.3.jar;C:\Users\aarav.gotra\.m2\repository\com\google\guava\guava\16.0.1\guava-16.0.1.jar;C:\Users\aarav.gotra\.m2\repository\com\github\fge\msg-simple\1.1\msg-simple-1.1.jar;C:\Users\aarav.gotra\.m2\repository\com\github\fge\btf\1.2\btf-1.2.jar;C:\Users\aarav.gotra\.m2\repository\com\github\fge\uri-template\0.9\uri-template-0.9.jar;C:\Users\aarav.gotra\.m2\repository\org\mozilla\rhino\1.7.7.1\rhino-1.7.7.1.jar;C:\Users\aarav.gotra\.m2\repository\javax\mail\mailapi\1.4.3\mailapi-1.4.3.jar;C:\Users\aarav.gotra\.m2\repository\javax\activation\activation\1.1\activation-1.1.jar;C:\Users\aarav.gotra\.m2\repository\joda-time\joda-time\2.9.7\joda-time-2.9.7.jar;C:\Users\aarav.gotra\.m2\repository\com\googlecode\libphonenumber\libphonenumber\8.0.0\libphonenumber-8.0.0.jar;C:\Users\aarav.gotra\.m2\repository\com\google\code\findbugs\jsr305\3.0.1\jsr305-3.0.1.jar;C:\Users\aarav.gotra\.m2\repository\net\sf\jopt-simple\jopt-simple\5.0.3\jopt-simple-5.0.3.jar;C:\Users\aarav.gotra\.m2\repository\io\rest-assured\rest-assured-common\3.0.2\rest-assured-common-3.0.2.jar;C:\Users\aarav.gotra\.m2\repository\org\apache\commons\commons-lang3\3.4\commons-lang3-3.4.jar;C:\Users\aarav.gotra\.m2\repository\com\googlecode\json-simple\json-simple\1.1.1\json-simple-1.1.1.jar;C:\Users\aarav.gotra\.m2\repository\junit\junit\4.10\junit-4.10.jar;C:\Users\aarav.gotra\.m2\repository\com\aventstack\extentreports\3.1.5\extentreports-3.1.5.jar;C:\Users\aarav.gotra\.m2\repository\com\google\code\gson\gson\2.8.0\gson-2.8.0.jar;C:\Users\aarav.gotra\.m2\repository\org\apache\maven\surefire\surefire-testng-utils\2.21.0\surefire-testng-utils-2.21.0.jar;C:\Users\aarav.gotra\.m2\repository\org\apache\maven\surefire\surefire-grouper\2.21.0\surefire-grouper-2.21.0.jar;"/>
    <property name="sun.cpu.endian" value="little"/>
    <property name="user.home" value="C:\Users\aarav.gotra"/>
    <property name="user.language" value="en"/>
    <property name="java.specification.vendor" value="Oracle Corporation"/>
    <property name="java.home" value="C:\Program Files\Java\jdk1.8.0_181\jre"/>
    <property name="basedir" value="C:\Users\aarav.gotra\Downloads\mailersAutomation\api_automation_framework"/>
    <property name="file.separator" value="\"/>
    <property name="line.separator" value="&#10;"/>
    <property name="java.vm.specification.vendor" value="Oracle Corporation"/>
    <property name="java.specification.name" value="Java Platform API Specification"/>
    <property name="java.awt.graphicsenv" value="sun.awt.Win32GraphicsEnvironment"/>
    <property name="surefire.real.class.path" value="C:\Users\AARAV~1.GOT\AppData\Local\Temp\surefire5224580441781696585\surefirebooter2434460107550265860.jar"/>
    <property name="sun.boot.class.path" value="C:\Program Files\Java\jdk1.8.0_181\jre\lib\resources.jar;C:\Program Files\Java\jdk1.8.0_181\jre\lib\rt.jar;C:\Program Files\Java\jdk1.8.0_181\jre\lib\sunrsasign.jar;C:\Program Files\Java\jdk1.8.0_181\jre\lib\jsse.jar;C:\Program Files\Java\jdk1.8.0_181\jre\lib\jce.jar;C:\Program Files\Java\jdk1.8.0_181\jre\lib\charsets.jar;C:\Program Files\Java\jdk1.8.0_181\jre\lib\jfr.jar;C:\Program Files\Java\jdk1.8.0_181\jre\classes"/>
    <property name="user.script" value=""/>
    <property name="sun.management.compiler" value="HotSpot 64-Bit Tiered Compilers"/>
    <property name="java.runtime.version" value="1.8.0_181-b13"/>
    <property name="user.name" value="aarav.gotra"/>
    <property name="path.separator" value=";"/>
    <property name="os.version" value="10.0"/>
    <property name="java.endorsed.dirs" value="C:\Program Files\Java\jdk1.8.0_181\jre\lib\endorsed"/>
    <property name="java.runtime.name" value="Java(TM) SE Runtime Environment"/>
    <property name="file.encoding" value="Cp1252"/>
    <property name="java.vm.name" value="Java HotSpot(TM) 64-Bit Server VM"/>
    <property name="localRepository" value="C:\Users\aarav.gotra\.m2\repository"/>
    <property name="java.vendor.url.bug" value="http://bugreport.sun.com/bugreport/"/>
    <property name="java.io.tmpdir" value="C:\Users\AARAV~1.GOT\AppData\Local\Temp\"/>
    <property name="java.version" value="1.8.0_181"/>
    <property name="user.dir" value="C:\Users\aarav.gotra\Downloads\mailersAutomation\api_automation_framework"/>
    <property name="os.arch" value="amd64"/>
    <property name="java.vm.specification.name" value="Java Virtual Machine Specification"/>
    <property name="java.awt.printerjob" value="sun.awt.windows.WPrinterJob"/>
    <property name="sun.os.patch.level" value=""/>
    <property name="java.library.path" value="C:\Program Files\Java\jdk1.8.0_181\jre\bin;C:\WINDOWS\Sun\Java\bin;C:\WINDOWS\system32;C:\WINDOWS;C:\Program Files (x86)\Common Files\Oracle\Java\javapath;C:\WINDOWS\system32;C:\WINDOWS;C:\WINDOWS\System32\Wbem;C:\WINDOWS\System32\WindowsPowerShell\v1.0\;C:\WINDOWS\System32\OpenSSH\;C:\Users\aarav.gotra\Downloads\apache-maven-3.6.1-bin\apache-maven-3.6.1\bin;C:\Program Files\PuTTY\;C:\Program Files\Java\jdk1.8.0_181\bin;C:\Common_Resources;C:\Program Files\doxygen\bin;C:\ProgramData\chocolatey\bin;C:\Program Files\nodejs\;C:\Users\aarav.gotra\AppData\Local\Programs\Python\Python35\Scripts\;C:\Users\aarav.gotra\AppData\Local\Programs\Python\Python35\;C:\Users\aarav.gotra\AppData\Local\Programs\Python\Python38-32\Scripts\;C:\Users\aarav.gotra\AppData\Local\Programs\Python\Python38-32\;C:\Users\aarav.gotra\AppData\Local\Programs\Python\Python37-32\Scripts\;C:\Users\aarav.gotra\AppData\Local\Programs\Python\Python37-32\;C:\Users\aarav.gotra\AppData\Local\Microsoft\WindowsApps;C:\Users\aarav.gotra\AppData\Local\Programs\Git\cmd;C:\Common_Resources;C:\Users\aarav.gotra\AppData\Roaming\npm\node_modules\;C:\Users\aarav.gotra\AppData\Roaming\npm;."/>
    <property name="java.vm.info" value="mixed mode"/>
    <property name="java.vendor" value="Oracle Corporation"/>
    <property name="java.vm.version" value="25.181-b13"/>
    <property name="java.ext.dirs" value="C:\Program Files\Java\jdk1.8.0_181\jre\lib\ext;C:\WINDOWS\Sun\Java\lib\ext"/>
    <property name="sun.io.unicode.encoding" value="UnicodeLittle"/>
    <property name="java.class.version" value="52.0"/>
  </properties>
  <testcase name="T001_demo_test" classname="BasicApiTest" time="4.584"/>
</testsuite>