<?xml version="1.0" encoding="UTF-8"?>
<!-- Generated by org.testng.reporters.JUnitReportReporter -->
<testsuite hostname="FA053816" name="BasicApiTest" tests="1" failures="0" timestamp="21 Jun 2020 09:02:33 GMT" time="4.795" errors="0">
  <testcase name="T001_demo_test" time="4.795" classname="BasicApiTest"/>
</testsuite> <!-- BasicApiTest -->
